2022-10-22 20:30:24,090 | INFO | ----------Model with 32 Hidden Units -------------
2022-10-22 20:30:24,090 | INFO | error(train) = 0.5587232977232595
2022-10-22 20:30:24,090 | INFO | acc(train) = 0.8219600000000001
2022-10-22 20:30:24,090 | INFO | error(valid) = 0.7170473308972464
2022-10-22 20:30:24,091 | INFO | acc(valid) = 0.7851265822784808
2022-10-22 20:30:24,091 | INFO | ----------Model with 64 Hidden Units -------------
2022-10-22 20:30:24,091 | INFO | error(train) = 0.3626011645648864
2022-10-22 20:30:24,092 | INFO | acc(train) = 0.8734699999999986
2022-10-22 20:30:24,093 | INFO | error(valid) = 0.6833396766459641
2022-10-22 20:30:24,095 | INFO | acc(valid) = 0.8005063291139244
2022-10-22 20:30:24,096 | INFO | ----------Model with 128 Hidden Units -------------
2022-10-22 20:30:24,096 | INFO | error(train) = 0.17019859980855134
2022-10-22 20:30:24,097 | INFO | acc(train) = 0.9354100000000032
2022-10-22 20:30:24,097 | INFO | error(valid) = 0.9416504352786389
2022-10-22 20:30:24,097 | INFO | acc(valid) = 0.8120886075949362
2022-10-22 20:30:31,642 | INFO | Epoch 1: 4.3s to complete
    error(train)=9.10e-01, acc(train)=7.37e-01, error(valid)=9.24e-01, acc(valid)=7.33e-01
2022-10-22 20:30:36,680 | INFO | Epoch 2: 4.2s to complete
    error(train)=7.09e-01, acc(train)=7.88e-01, error(valid)=7.45e-01, acc(valid)=7.77e-01
2022-10-22 20:30:41,550 | INFO | Epoch 3: 4.0s to complete
    error(train)=6.08e-01, acc(train)=8.13e-01, error(valid)=6.59e-01, acc(valid)=7.95e-01
2022-10-22 20:30:46,418 | INFO | Epoch 4: 4.0s to complete
    error(train)=5.50e-01, acc(train)=8.28e-01, error(valid)=6.13e-01, acc(valid)=8.10e-01
2022-10-22 20:30:51,431 | INFO | Epoch 5: 4.2s to complete
    error(train)=5.04e-01, acc(train)=8.38e-01, error(valid)=5.77e-01, acc(valid)=8.15e-01
2022-10-22 20:30:56,385 | INFO | Epoch 6: 4.1s to complete
    error(train)=4.77e-01, acc(train)=8.45e-01, error(valid)=5.62e-01, acc(valid)=8.19e-01
2022-10-22 20:31:01,289 | INFO | Epoch 7: 4.1s to complete
    error(train)=4.66e-01, acc(train)=8.49e-01, error(valid)=5.57e-01, acc(valid)=8.22e-01
2022-10-22 20:31:06,176 | INFO | Epoch 8: 4.0s to complete
    error(train)=4.39e-01, acc(train)=8.53e-01, error(valid)=5.45e-01, acc(valid)=8.24e-01
2022-10-22 20:31:11,016 | INFO | Epoch 9: 4.0s to complete
    error(train)=4.29e-01, acc(train)=8.58e-01, error(valid)=5.45e-01, acc(valid)=8.26e-01
2022-10-22 20:31:15,917 | INFO | Epoch 10: 4.1s to complete
    error(train)=4.08e-01, acc(train)=8.63e-01, error(valid)=5.33e-01, acc(valid)=8.27e-01
2022-10-22 20:31:20,844 | INFO | Epoch 11: 4.1s to complete
    error(train)=3.91e-01, acc(train)=8.68e-01, error(valid)=5.23e-01, acc(valid)=8.30e-01
2022-10-22 20:31:25,711 | INFO | Epoch 12: 4.1s to complete
    error(train)=3.84e-01, acc(train)=8.70e-01, error(valid)=5.29e-01, acc(valid)=8.28e-01
2022-10-22 20:31:30,591 | INFO | Epoch 13: 4.1s to complete
    error(train)=3.77e-01, acc(train)=8.72e-01, error(valid)=5.27e-01, acc(valid)=8.31e-01
2022-10-22 20:31:35,475 | INFO | Epoch 14: 4.1s to complete
    error(train)=3.64e-01, acc(train)=8.74e-01, error(valid)=5.27e-01, acc(valid)=8.30e-01
2022-10-22 20:31:40,377 | INFO | Epoch 15: 4.0s to complete
    error(train)=3.54e-01, acc(train)=8.79e-01, error(valid)=5.26e-01, acc(valid)=8.32e-01
2022-10-22 20:31:45,285 | INFO | Epoch 16: 4.1s to complete
    error(train)=3.49e-01, acc(train)=8.79e-01, error(valid)=5.26e-01, acc(valid)=8.35e-01
2022-10-22 20:31:50,151 | INFO | Epoch 17: 4.0s to complete
    error(train)=3.39e-01, acc(train)=8.82e-01, error(valid)=5.29e-01, acc(valid)=8.31e-01
2022-10-22 20:31:55,036 | INFO | Epoch 18: 4.0s to complete
    error(train)=3.34e-01, acc(train)=8.84e-01, error(valid)=5.29e-01, acc(valid)=8.32e-01
2022-10-22 20:31:59,862 | INFO | Epoch 19: 4.0s to complete
    error(train)=3.33e-01, acc(train)=8.83e-01, error(valid)=5.36e-01, acc(valid)=8.29e-01
2022-10-22 20:32:04,694 | INFO | Epoch 20: 4.0s to complete
    error(train)=3.21e-01, acc(train)=8.89e-01, error(valid)=5.31e-01, acc(valid)=8.33e-01
2022-10-22 20:32:09,622 | INFO | Epoch 21: 4.1s to complete
    error(train)=3.21e-01, acc(train)=8.87e-01, error(valid)=5.43e-01, acc(valid)=8.32e-01
2022-10-22 20:32:14,623 | INFO | Epoch 22: 4.1s to complete
    error(train)=3.18e-01, acc(train)=8.87e-01, error(valid)=5.49e-01, acc(valid)=8.27e-01
2022-10-22 20:32:19,479 | INFO | Epoch 23: 4.0s to complete
    error(train)=3.08e-01, acc(train)=8.92e-01, error(valid)=5.50e-01, acc(valid)=8.30e-01
2022-10-22 20:32:24,642 | INFO | Epoch 24: 4.3s to complete
    error(train)=3.06e-01, acc(train)=8.91e-01, error(valid)=5.52e-01, acc(valid)=8.26e-01
2022-10-22 20:32:28,728 | INFO | Epoch 25: 3.2s to complete
    error(train)=3.01e-01, acc(train)=8.94e-01, error(valid)=5.56e-01, acc(valid)=8.27e-01
2022-10-22 20:32:33,642 | INFO | Epoch 26: 4.1s to complete
    error(train)=2.92e-01, acc(train)=8.97e-01, error(valid)=5.52e-01, acc(valid)=8.31e-01
2022-10-22 20:32:38,535 | INFO | Epoch 27: 4.1s to complete
    error(train)=2.93e-01, acc(train)=8.95e-01, error(valid)=5.61e-01, acc(valid)=8.28e-01
2022-10-22 20:32:43,012 | INFO | Epoch 28: 3.7s to complete
    error(train)=2.81e-01, acc(train)=9.01e-01, error(valid)=5.58e-01, acc(valid)=8.31e-01
2022-10-22 20:32:47,104 | INFO | Epoch 29: 3.3s to complete
    error(train)=2.94e-01, acc(train)=8.92e-01, error(valid)=5.82e-01, acc(valid)=8.24e-01
2022-10-22 20:32:51,912 | INFO | Epoch 30: 4.0s to complete
    error(train)=2.80e-01, acc(train)=8.99e-01, error(valid)=5.74e-01, acc(valid)=8.27e-01
2022-10-22 20:32:56,764 | INFO | Epoch 31: 4.1s to complete
    error(train)=2.80e-01, acc(train)=8.99e-01, error(valid)=5.80e-01, acc(valid)=8.28e-01
2022-10-22 20:33:01,299 | INFO | Epoch 32: 3.7s to complete
    error(train)=2.72e-01, acc(train)=9.02e-01, error(valid)=5.81e-01, acc(valid)=8.26e-01
2022-10-22 20:33:05,353 | INFO | Epoch 33: 3.2s to complete
    error(train)=2.70e-01, acc(train)=9.01e-01, error(valid)=5.87e-01, acc(valid)=8.26e-01
2022-10-22 20:33:10,255 | INFO | Epoch 34: 4.0s to complete
    error(train)=2.62e-01, acc(train)=9.06e-01, error(valid)=5.87e-01, acc(valid)=8.27e-01
2022-10-22 20:33:15,234 | INFO | Epoch 35: 4.1s to complete
    error(train)=2.58e-01, acc(train)=9.08e-01, error(valid)=5.94e-01, acc(valid)=8.26e-01
2022-10-22 20:33:20,151 | INFO | Epoch 36: 4.1s to complete
    error(train)=2.58e-01, acc(train)=9.06e-01, error(valid)=5.96e-01, acc(valid)=8.28e-01
2022-10-22 20:33:24,281 | INFO | Epoch 37: 3.3s to complete
    error(train)=2.56e-01, acc(train)=9.08e-01, error(valid)=5.99e-01, acc(valid)=8.26e-01
2022-10-22 20:33:29,145 | INFO | Epoch 38: 4.0s to complete
    error(train)=2.53e-01, acc(train)=9.08e-01, error(valid)=6.07e-01, acc(valid)=8.25e-01
2022-10-22 20:33:34,133 | INFO | Epoch 39: 4.1s to complete
    error(train)=2.51e-01, acc(train)=9.08e-01, error(valid)=6.09e-01, acc(valid)=8.26e-01
2022-10-22 20:33:39,275 | INFO | Epoch 40: 4.3s to complete
    error(train)=2.42e-01, acc(train)=9.12e-01, error(valid)=6.11e-01, acc(valid)=8.27e-01
2022-10-22 20:33:43,396 | INFO | Epoch 41: 3.3s to complete
    error(train)=2.46e-01, acc(train)=9.10e-01, error(valid)=6.28e-01, acc(valid)=8.24e-01
2022-10-22 20:33:48,243 | INFO | Epoch 42: 4.0s to complete
    error(train)=2.40e-01, acc(train)=9.12e-01, error(valid)=6.26e-01, acc(valid)=8.22e-01
2022-10-22 20:33:53,142 | INFO | Epoch 43: 4.1s to complete
    error(train)=2.40e-01, acc(train)=9.12e-01, error(valid)=6.31e-01, acc(valid)=8.26e-01
2022-10-22 20:33:57,623 | INFO | Epoch 44: 3.7s to complete
    error(train)=2.33e-01, acc(train)=9.15e-01, error(valid)=6.27e-01, acc(valid)=8.28e-01
2022-10-22 20:34:01,696 | INFO | Epoch 45: 3.3s to complete
    error(train)=2.45e-01, acc(train)=9.08e-01, error(valid)=6.54e-01, acc(valid)=8.19e-01
2022-10-22 20:34:07,763 | INFO | Epoch 46: 5.2s to complete
    error(train)=2.38e-01, acc(train)=9.13e-01, error(valid)=6.52e-01, acc(valid)=8.23e-01
2022-10-22 20:34:13,529 | INFO | Epoch 47: 4.9s to complete
    error(train)=2.34e-01, acc(train)=9.13e-01, error(valid)=6.59e-01, acc(valid)=8.20e-01
2022-10-22 20:34:19,274 | INFO | Epoch 48: 4.9s to complete
    error(train)=2.31e-01, acc(train)=9.15e-01, error(valid)=6.56e-01, acc(valid)=8.22e-01
2022-10-22 20:34:25,085 | INFO | Epoch 49: 5.0s to complete
    error(train)=2.33e-01, acc(train)=9.13e-01, error(valid)=6.64e-01, acc(valid)=8.18e-01
2022-10-22 20:34:30,787 | INFO | Epoch 50: 4.8s to complete
    error(train)=2.29e-01, acc(train)=9.15e-01, error(valid)=6.69e-01, acc(valid)=8.20e-01
2022-10-22 20:34:36,181 | INFO | Epoch 51: 4.6s to complete
    error(train)=2.26e-01, acc(train)=9.16e-01, error(valid)=6.80e-01, acc(valid)=8.21e-01
2022-10-22 20:34:41,078 | INFO | Epoch 52: 4.1s to complete
    error(train)=2.21e-01, acc(train)=9.18e-01, error(valid)=6.82e-01, acc(valid)=8.19e-01
2022-10-22 20:34:45,930 | INFO | Epoch 53: 4.0s to complete
    error(train)=2.16e-01, acc(train)=9.21e-01, error(valid)=6.86e-01, acc(valid)=8.22e-01
2022-10-22 20:34:50,469 | INFO | Epoch 54: 3.7s to complete
    error(train)=2.14e-01, acc(train)=9.21e-01, error(valid)=6.89e-01, acc(valid)=8.18e-01
2022-10-22 20:34:55,552 | INFO | Epoch 55: 4.2s to complete
    error(train)=2.15e-01, acc(train)=9.20e-01, error(valid)=6.93e-01, acc(valid)=8.19e-01
2022-10-22 20:35:00,403 | INFO | Epoch 56: 4.0s to complete
    error(train)=2.21e-01, acc(train)=9.16e-01, error(valid)=7.08e-01, acc(valid)=8.19e-01
2022-10-22 20:35:05,267 | INFO | Epoch 57: 4.0s to complete
    error(train)=2.11e-01, acc(train)=9.22e-01, error(valid)=7.11e-01, acc(valid)=8.17e-01
2022-10-22 20:35:10,086 | INFO | Epoch 58: 4.0s to complete
    error(train)=2.21e-01, acc(train)=9.17e-01, error(valid)=7.20e-01, acc(valid)=8.17e-01
2022-10-22 20:35:14,976 | INFO | Epoch 59: 4.1s to complete
    error(train)=2.09e-01, acc(train)=9.21e-01, error(valid)=7.18e-01, acc(valid)=8.18e-01
2022-10-22 20:35:19,896 | INFO | Epoch 60: 4.1s to complete
    error(train)=2.06e-01, acc(train)=9.23e-01, error(valid)=7.19e-01, acc(valid)=8.20e-01
2022-10-22 20:35:24,839 | INFO | Epoch 61: 4.1s to complete
    error(train)=2.06e-01, acc(train)=9.23e-01, error(valid)=7.28e-01, acc(valid)=8.16e-01
2022-10-22 20:35:29,731 | INFO | Epoch 62: 4.1s to complete
    error(train)=2.03e-01, acc(train)=9.24e-01, error(valid)=7.32e-01, acc(valid)=8.16e-01
2022-10-22 20:35:34,667 | INFO | Epoch 63: 4.1s to complete
    error(train)=2.01e-01, acc(train)=9.25e-01, error(valid)=7.40e-01, acc(valid)=8.18e-01
2022-10-22 20:35:39,549 | INFO | Epoch 64: 4.1s to complete
    error(train)=1.99e-01, acc(train)=9.26e-01, error(valid)=7.52e-01, acc(valid)=8.17e-01
2022-10-22 20:35:44,453 | INFO | Epoch 65: 4.0s to complete
    error(train)=1.94e-01, acc(train)=9.28e-01, error(valid)=7.62e-01, acc(valid)=8.15e-01
2022-10-22 20:35:49,321 | INFO | Epoch 66: 4.0s to complete
    error(train)=1.96e-01, acc(train)=9.27e-01, error(valid)=7.63e-01, acc(valid)=8.17e-01
2022-10-22 20:35:54,205 | INFO | Epoch 67: 4.0s to complete
    error(train)=1.92e-01, acc(train)=9.27e-01, error(valid)=7.66e-01, acc(valid)=8.14e-01
2022-10-22 20:35:59,047 | INFO | Epoch 68: 4.0s to complete
    error(train)=1.87e-01, acc(train)=9.30e-01, error(valid)=7.70e-01, acc(valid)=8.17e-01
2022-10-22 20:36:03,908 | INFO | Epoch 69: 4.0s to complete
    error(train)=1.95e-01, acc(train)=9.27e-01, error(valid)=7.81e-01, acc(valid)=8.17e-01
2022-10-22 20:36:08,816 | INFO | Epoch 70: 4.1s to complete
    error(train)=1.90e-01, acc(train)=9.29e-01, error(valid)=7.87e-01, acc(valid)=8.14e-01
2022-10-22 20:36:13,738 | INFO | Epoch 71: 4.1s to complete
    error(train)=1.85e-01, acc(train)=9.31e-01, error(valid)=7.88e-01, acc(valid)=8.16e-01
2022-10-22 20:36:18,618 | INFO | Epoch 72: 4.1s to complete
    error(train)=1.94e-01, acc(train)=9.25e-01, error(valid)=8.01e-01, acc(valid)=8.11e-01
2022-10-22 20:36:23,505 | INFO | Epoch 73: 4.0s to complete
    error(train)=1.91e-01, acc(train)=9.27e-01, error(valid)=8.06e-01, acc(valid)=8.13e-01
2022-10-22 20:36:28,406 | INFO | Epoch 74: 4.0s to complete
    error(train)=1.84e-01, acc(train)=9.31e-01, error(valid)=8.03e-01, acc(valid)=8.13e-01
2022-10-22 20:36:33,220 | INFO | Epoch 75: 4.0s to complete
    error(train)=1.83e-01, acc(train)=9.30e-01, error(valid)=8.14e-01, acc(valid)=8.11e-01
2022-10-22 20:36:38,046 | INFO | Epoch 76: 4.0s to complete
    error(train)=1.79e-01, acc(train)=9.32e-01, error(valid)=8.22e-01, acc(valid)=8.10e-01
2022-10-22 20:36:42,897 | INFO | Epoch 77: 4.1s to complete
    error(train)=1.77e-01, acc(train)=9.32e-01, error(valid)=8.15e-01, acc(valid)=8.13e-01
2022-10-22 20:36:47,734 | INFO | Epoch 78: 4.0s to complete
    error(train)=1.88e-01, acc(train)=9.27e-01, error(valid)=8.41e-01, acc(valid)=8.07e-01
2022-10-22 20:36:52,602 | INFO | Epoch 79: 4.0s to complete
    error(train)=1.79e-01, acc(train)=9.31e-01, error(valid)=8.34e-01, acc(valid)=8.11e-01
2022-10-22 20:36:57,470 | INFO | Epoch 80: 4.1s to complete
    error(train)=1.75e-01, acc(train)=9.34e-01, error(valid)=8.29e-01, acc(valid)=8.14e-01
2022-10-22 20:37:01,744 | INFO | Epoch 81: 3.4s to complete
    error(train)=1.82e-01, acc(train)=9.30e-01, error(valid)=8.52e-01, acc(valid)=8.12e-01
2022-10-22 20:37:07,121 | INFO | Epoch 82: 4.6s to complete
    error(train)=1.74e-01, acc(train)=9.32e-01, error(valid)=8.55e-01, acc(valid)=8.09e-01
2022-10-22 20:37:11,409 | INFO | Epoch 83: 3.5s to complete
    error(train)=1.81e-01, acc(train)=9.30e-01, error(valid)=8.79e-01, acc(valid)=8.09e-01
2022-10-22 20:37:16,845 | INFO | Epoch 84: 4.6s to complete
    error(train)=1.69e-01, acc(train)=9.36e-01, error(valid)=8.61e-01, acc(valid)=8.11e-01
2022-10-22 20:37:21,214 | INFO | Epoch 85: 3.5s to complete
    error(train)=1.66e-01, acc(train)=9.37e-01, error(valid)=8.67e-01, acc(valid)=8.12e-01
2022-10-22 20:37:26,681 | INFO | Epoch 86: 4.6s to complete
    error(train)=1.76e-01, acc(train)=9.33e-01, error(valid)=8.90e-01, acc(valid)=8.11e-01
2022-10-22 20:37:31,057 | INFO | Epoch 87: 3.5s to complete
    error(train)=1.66e-01, acc(train)=9.38e-01, error(valid)=8.88e-01, acc(valid)=8.09e-01
2022-10-22 20:37:36,519 | INFO | Epoch 88: 4.7s to complete
    error(train)=1.68e-01, acc(train)=9.36e-01, error(valid)=8.87e-01, acc(valid)=8.13e-01
2022-10-22 20:37:40,836 | INFO | Epoch 89: 3.5s to complete
    error(train)=1.66e-01, acc(train)=9.37e-01, error(valid)=8.94e-01, acc(valid)=8.11e-01
2022-10-22 20:37:46,276 | INFO | Epoch 90: 4.6s to complete
    error(train)=1.68e-01, acc(train)=9.36e-01, error(valid)=8.98e-01, acc(valid)=8.10e-01
2022-10-22 20:37:50,522 | INFO | Epoch 91: 3.4s to complete
    error(train)=1.72e-01, acc(train)=9.33e-01, error(valid)=9.20e-01, acc(valid)=8.08e-01
2022-10-22 20:37:54,589 | INFO | Epoch 92: 3.3s to complete
    error(train)=1.67e-01, acc(train)=9.34e-01, error(valid)=9.13e-01, acc(valid)=8.03e-01
2022-10-22 20:37:59,077 | INFO | Epoch 93: 3.7s to complete
    error(train)=1.68e-01, acc(train)=9.34e-01, error(valid)=9.17e-01, acc(valid)=8.06e-01
2022-10-22 20:38:04,515 | INFO | Epoch 94: 4.3s to complete
    error(train)=1.66e-01, acc(train)=9.35e-01, error(valid)=9.23e-01, acc(valid)=8.07e-01
2022-10-22 20:38:09,445 | INFO | Epoch 95: 4.1s to complete
    error(train)=1.64e-01, acc(train)=9.37e-01, error(valid)=9.34e-01, acc(valid)=8.09e-01
2022-10-22 20:38:14,418 | INFO | Epoch 96: 4.1s to complete
    error(train)=1.60e-01, acc(train)=9.38e-01, error(valid)=9.28e-01, acc(valid)=8.10e-01
2022-10-22 20:38:19,296 | INFO | Epoch 97: 4.1s to complete
    error(train)=1.60e-01, acc(train)=9.37e-01, error(valid)=9.42e-01, acc(valid)=8.05e-01
2022-10-22 20:38:24,186 | INFO | Epoch 98: 4.0s to complete
    error(train)=1.60e-01, acc(train)=9.39e-01, error(valid)=9.63e-01, acc(valid)=8.06e-01
2022-10-22 20:38:29,097 | INFO | Epoch 99: 4.1s to complete
    error(train)=1.56e-01, acc(train)=9.40e-01, error(valid)=9.56e-01, acc(valid)=8.06e-01
2022-10-22 20:38:33,955 | INFO | Epoch 100: 4.0s to complete
    error(train)=1.60e-01, acc(train)=9.38e-01, error(valid)=9.61e-01, acc(valid)=8.04e-01
2022-10-22 20:38:40,595 | INFO | Epoch 1: 4.5s to complete
    error(train)=7.42e-01, acc(train)=7.73e-01, error(valid)=7.63e-01, acc(valid)=7.68e-01
2022-10-22 20:38:46,116 | INFO | Epoch 2: 4.6s to complete
    error(train)=5.83e-01, acc(train)=8.15e-01, error(valid)=6.21e-01, acc(valid)=8.06e-01
2022-10-22 20:38:51,809 | INFO | Epoch 3: 4.7s to complete
    error(train)=5.11e-01, acc(train)=8.33e-01, error(valid)=5.66e-01, acc(valid)=8.18e-01
2022-10-22 20:38:57,488 | INFO | Epoch 4: 4.7s to complete
    error(train)=4.62e-01, acc(train)=8.43e-01, error(valid)=5.40e-01, acc(valid)=8.25e-01
2022-10-22 20:39:03,069 | INFO | Epoch 5: 4.6s to complete
    error(train)=4.25e-01, acc(train)=8.56e-01, error(valid)=5.18e-01, acc(valid)=8.30e-01
2022-10-22 20:39:08,764 | INFO | Epoch 6: 4.7s to complete
    error(train)=4.09e-01, acc(train)=8.60e-01, error(valid)=5.12e-01, acc(valid)=8.31e-01
2022-10-22 20:39:14,372 | INFO | Epoch 7: 4.6s to complete
    error(train)=3.82e-01, acc(train)=8.67e-01, error(valid)=5.05e-01, acc(valid)=8.36e-01
2022-10-22 20:39:19,871 | INFO | Epoch 8: 4.5s to complete
    error(train)=3.66e-01, acc(train)=8.70e-01, error(valid)=5.06e-01, acc(valid)=8.35e-01
2022-10-22 20:39:24,621 | INFO | Epoch 9: 3.8s to complete
    error(train)=3.39e-01, acc(train)=8.79e-01, error(valid)=4.91e-01, acc(valid)=8.38e-01
2022-10-22 20:39:28,954 | INFO | Epoch 10: 3.4s to complete
    error(train)=3.36e-01, acc(train)=8.79e-01, error(valid)=5.07e-01, acc(valid)=8.35e-01
2022-10-22 20:39:34,554 | INFO | Epoch 11: 4.6s to complete
    error(train)=3.23e-01, acc(train)=8.81e-01, error(valid)=5.02e-01, acc(valid)=8.38e-01
2022-10-22 20:39:39,819 | INFO | Epoch 12: 4.3s to complete
    error(train)=2.99e-01, acc(train)=8.91e-01, error(valid)=4.98e-01, acc(valid)=8.42e-01
2022-10-22 20:39:45,479 | INFO | Epoch 13: 4.7s to complete
    error(train)=2.93e-01, acc(train)=8.91e-01, error(valid)=5.03e-01, acc(valid)=8.38e-01
2022-10-22 20:39:51,204 | INFO | Epoch 14: 4.7s to complete
    error(train)=2.83e-01, acc(train)=8.94e-01, error(valid)=5.07e-01, acc(valid)=8.38e-01
2022-10-22 20:39:56,842 | INFO | Epoch 15: 4.7s to complete
    error(train)=2.77e-01, acc(train)=8.97e-01, error(valid)=5.07e-01, acc(valid)=8.41e-01
2022-10-22 20:40:01,585 | INFO | Epoch 16: 3.8s to complete
    error(train)=2.62e-01, acc(train)=9.01e-01, error(valid)=5.13e-01, acc(valid)=8.39e-01
2022-10-22 20:40:07,063 | INFO | Epoch 17: 4.5s to complete
    error(train)=2.68e-01, acc(train)=8.99e-01, error(valid)=5.44e-01, acc(valid)=8.35e-01
2022-10-22 20:40:12,628 | INFO | Epoch 18: 4.6s to complete
    error(train)=2.53e-01, acc(train)=9.05e-01, error(valid)=5.33e-01, acc(valid)=8.39e-01
2022-10-22 20:40:18,099 | INFO | Epoch 19: 4.5s to complete
    error(train)=2.53e-01, acc(train)=9.03e-01, error(valid)=5.47e-01, acc(valid)=8.36e-01
2022-10-22 20:40:23,680 | INFO | Epoch 20: 4.6s to complete
    error(train)=2.41e-01, acc(train)=9.07e-01, error(valid)=5.48e-01, acc(valid)=8.37e-01
2022-10-22 20:40:29,240 | INFO | Epoch 21: 4.6s to complete
    error(train)=2.29e-01, acc(train)=9.12e-01, error(valid)=5.52e-01, acc(valid)=8.35e-01
2022-10-22 20:40:34,809 | INFO | Epoch 22: 4.6s to complete
    error(train)=2.24e-01, acc(train)=9.15e-01, error(valid)=5.60e-01, acc(valid)=8.40e-01
2022-10-22 20:40:40,366 | INFO | Epoch 23: 4.6s to complete
    error(train)=2.20e-01, acc(train)=9.14e-01, error(valid)=5.68e-01, acc(valid)=8.36e-01
2022-10-22 20:40:45,068 | INFO | Epoch 24: 3.7s to complete
    error(train)=2.45e-01, acc(train)=9.03e-01, error(valid)=6.07e-01, acc(valid)=8.26e-01
2022-10-22 20:40:50,286 | INFO | Epoch 25: 4.3s to complete
    error(train)=2.23e-01, acc(train)=9.13e-01, error(valid)=5.98e-01, acc(valid)=8.31e-01
2022-10-22 20:40:55,832 | INFO | Epoch 26: 4.6s to complete
    error(train)=2.07e-01, acc(train)=9.19e-01, error(valid)=6.01e-01, acc(valid)=8.34e-01
2022-10-22 20:41:00,587 | INFO | Epoch 27: 3.8s to complete
    error(train)=1.99e-01, acc(train)=9.22e-01, error(valid)=6.15e-01, acc(valid)=8.36e-01
2022-10-22 20:41:06,146 | INFO | Epoch 28: 4.6s to complete
    error(train)=1.97e-01, acc(train)=9.22e-01, error(valid)=6.25e-01, acc(valid)=8.33e-01
2022-10-22 20:41:10,987 | INFO | Epoch 29: 3.9s to complete
    error(train)=1.97e-01, acc(train)=9.22e-01, error(valid)=6.41e-01, acc(valid)=8.34e-01
2022-10-22 20:41:16,530 | INFO | Epoch 30: 4.6s to complete
    error(train)=1.87e-01, acc(train)=9.25e-01, error(valid)=6.53e-01, acc(valid)=8.32e-01
2022-10-22 20:41:21,316 | INFO | Epoch 31: 3.8s to complete
    error(train)=1.87e-01, acc(train)=9.26e-01, error(valid)=6.62e-01, acc(valid)=8.30e-01
2022-10-22 20:41:26,939 | INFO | Epoch 32: 4.6s to complete
    error(train)=1.94e-01, acc(train)=9.21e-01, error(valid)=6.84e-01, acc(valid)=8.28e-01
2022-10-22 20:41:31,800 | INFO | Epoch 33: 3.9s to complete
    error(train)=1.92e-01, acc(train)=9.23e-01, error(valid)=6.97e-01, acc(valid)=8.26e-01
2022-10-22 20:41:37,381 | INFO | Epoch 34: 4.6s to complete
    error(train)=1.85e-01, acc(train)=9.26e-01, error(valid)=7.07e-01, acc(valid)=8.27e-01
2022-10-22 20:41:42,970 | INFO | Epoch 35: 4.6s to complete
    error(train)=1.78e-01, acc(train)=9.28e-01, error(valid)=7.04e-01, acc(valid)=8.24e-01
2022-10-22 20:41:48,716 | INFO | Epoch 36: 4.7s to complete
    error(train)=1.87e-01, acc(train)=9.23e-01, error(valid)=7.36e-01, acc(valid)=8.23e-01
2022-10-22 20:41:54,217 | INFO | Epoch 37: 4.5s to complete
    error(train)=1.76e-01, acc(train)=9.27e-01, error(valid)=7.45e-01, acc(valid)=8.23e-01
2022-10-22 20:41:59,002 | INFO | Epoch 38: 3.8s to complete
    error(train)=1.64e-01, acc(train)=9.33e-01, error(valid)=7.45e-01, acc(valid)=8.27e-01
2022-10-22 20:42:04,718 | INFO | Epoch 39: 4.5s to complete
    error(train)=1.77e-01, acc(train)=9.28e-01, error(valid)=7.80e-01, acc(valid)=8.21e-01
2022-10-22 20:42:10,420 | INFO | Epoch 40: 4.7s to complete
    error(train)=1.61e-01, acc(train)=9.34e-01, error(valid)=7.71e-01, acc(valid)=8.28e-01
2022-10-22 20:42:16,029 | INFO | Epoch 41: 4.6s to complete
    error(train)=1.60e-01, acc(train)=9.35e-01, error(valid)=7.73e-01, acc(valid)=8.27e-01
2022-10-22 20:42:21,801 | INFO | Epoch 42: 4.7s to complete
    error(train)=1.67e-01, acc(train)=9.32e-01, error(valid)=7.99e-01, acc(valid)=8.24e-01
2022-10-22 20:42:27,378 | INFO | Epoch 43: 4.6s to complete
    error(train)=1.60e-01, acc(train)=9.35e-01, error(valid)=8.14e-01, acc(valid)=8.29e-01
2022-10-22 20:42:33,115 | INFO | Epoch 44: 4.8s to complete
    error(train)=1.51e-01, acc(train)=9.38e-01, error(valid)=8.08e-01, acc(valid)=8.27e-01
2022-10-22 20:42:38,640 | INFO | Epoch 45: 4.6s to complete
    error(train)=1.51e-01, acc(train)=9.39e-01, error(valid)=8.18e-01, acc(valid)=8.26e-01
2022-10-22 20:42:44,248 | INFO | Epoch 46: 4.6s to complete
    error(train)=1.56e-01, acc(train)=9.36e-01, error(valid)=8.69e-01, acc(valid)=8.23e-01
2022-10-22 20:42:49,885 | INFO | Epoch 47: 4.7s to complete
    error(train)=1.49e-01, acc(train)=9.39e-01, error(valid)=8.64e-01, acc(valid)=8.25e-01
2022-10-22 20:42:55,382 | INFO | Epoch 48: 4.5s to complete
    error(train)=1.58e-01, acc(train)=9.34e-01, error(valid)=8.83e-01, acc(valid)=8.22e-01
2022-10-22 20:43:01,030 | INFO | Epoch 49: 4.7s to complete
    error(train)=1.55e-01, acc(train)=9.36e-01, error(valid)=9.22e-01, acc(valid)=8.21e-01
2022-10-22 20:43:06,506 | INFO | Epoch 50: 4.5s to complete
    error(train)=1.47e-01, acc(train)=9.40e-01, error(valid)=8.99e-01, acc(valid)=8.19e-01
2022-10-22 20:43:12,188 | INFO | Epoch 51: 4.7s to complete
    error(train)=1.34e-01, acc(train)=9.45e-01, error(valid)=9.08e-01, acc(valid)=8.19e-01
2022-10-22 20:43:17,763 | INFO | Epoch 52: 4.5s to complete
    error(train)=1.50e-01, acc(train)=9.38e-01, error(valid)=9.39e-01, acc(valid)=8.19e-01
2022-10-22 20:43:23,478 | INFO | Epoch 53: 4.7s to complete
    error(train)=1.33e-01, acc(train)=9.45e-01, error(valid)=9.48e-01, acc(valid)=8.23e-01
2022-10-22 20:43:29,008 | INFO | Epoch 54: 4.6s to complete
    error(train)=1.50e-01, acc(train)=9.39e-01, error(valid)=9.87e-01, acc(valid)=8.23e-01
2022-10-22 20:43:34,656 | INFO | Epoch 55: 4.7s to complete
    error(train)=1.32e-01, acc(train)=9.45e-01, error(valid)=9.74e-01, acc(valid)=8.24e-01
2022-10-22 20:43:40,221 | INFO | Epoch 56: 4.6s to complete
    error(train)=1.23e-01, acc(train)=9.50e-01, error(valid)=9.79e-01, acc(valid)=8.22e-01
2022-10-22 20:43:45,938 | INFO | Epoch 57: 4.7s to complete
    error(train)=1.43e-01, acc(train)=9.42e-01, error(valid)=1.01e+00, acc(valid)=8.17e-01
2022-10-22 20:43:51,550 | INFO | Epoch 58: 4.7s to complete
    error(train)=1.42e-01, acc(train)=9.42e-01, error(valid)=1.01e+00, acc(valid)=8.23e-01
2022-10-22 20:43:57,204 | INFO | Epoch 59: 4.7s to complete
    error(train)=1.35e-01, acc(train)=9.45e-01, error(valid)=1.03e+00, acc(valid)=8.21e-01
2022-10-22 20:44:02,693 | INFO | Epoch 60: 4.5s to complete
    error(train)=1.37e-01, acc(train)=9.43e-01, error(valid)=1.06e+00, acc(valid)=8.19e-01
2022-10-22 20:44:08,383 | INFO | Epoch 61: 4.7s to complete
    error(train)=1.24e-01, acc(train)=9.49e-01, error(valid)=1.02e+00, acc(valid)=8.25e-01
2022-10-22 20:44:13,887 | INFO | Epoch 62: 4.6s to complete
    error(train)=1.20e-01, acc(train)=9.50e-01, error(valid)=1.05e+00, acc(valid)=8.23e-01
2022-10-22 20:44:19,548 | INFO | Epoch 63: 4.7s to complete
    error(train)=1.27e-01, acc(train)=9.47e-01, error(valid)=1.11e+00, acc(valid)=8.19e-01
2022-10-22 20:44:25,102 | INFO | Epoch 64: 4.6s to complete
    error(train)=1.27e-01, acc(train)=9.48e-01, error(valid)=1.09e+00, acc(valid)=8.25e-01
2022-10-22 20:44:30,635 | INFO | Epoch 65: 4.5s to complete
    error(train)=1.28e-01, acc(train)=9.46e-01, error(valid)=1.10e+00, acc(valid)=8.19e-01
2022-10-22 20:44:36,183 | INFO | Epoch 66: 4.6s to complete
    error(train)=1.18e-01, acc(train)=9.51e-01, error(valid)=1.11e+00, acc(valid)=8.23e-01
2022-10-22 20:44:41,663 | INFO | Epoch 67: 4.5s to complete
    error(train)=1.27e-01, acc(train)=9.49e-01, error(valid)=1.12e+00, acc(valid)=8.22e-01
2022-10-22 20:44:47,164 | INFO | Epoch 68: 4.5s to complete
    error(train)=1.22e-01, acc(train)=9.50e-01, error(valid)=1.16e+00, acc(valid)=8.25e-01
2022-10-22 20:44:52,574 | INFO | Epoch 69: 4.5s to complete
    error(train)=1.15e-01, acc(train)=9.52e-01, error(valid)=1.16e+00, acc(valid)=8.20e-01
2022-10-22 20:44:58,110 | INFO | Epoch 70: 4.6s to complete
    error(train)=1.12e-01, acc(train)=9.54e-01, error(valid)=1.15e+00, acc(valid)=8.21e-01
2022-10-22 20:45:03,651 | INFO | Epoch 71: 4.6s to complete
    error(train)=1.24e-01, acc(train)=9.49e-01, error(valid)=1.17e+00, acc(valid)=8.20e-01
2022-10-22 20:45:09,076 | INFO | Epoch 72: 4.5s to complete
    error(train)=1.24e-01, acc(train)=9.47e-01, error(valid)=1.22e+00, acc(valid)=8.17e-01
2022-10-22 20:45:14,509 | INFO | Epoch 73: 4.5s to complete
    error(train)=1.20e-01, acc(train)=9.51e-01, error(valid)=1.20e+00, acc(valid)=8.20e-01
2022-10-22 20:45:19,975 | INFO | Epoch 74: 4.5s to complete
    error(train)=1.19e-01, acc(train)=9.52e-01, error(valid)=1.22e+00, acc(valid)=8.22e-01
2022-10-22 20:45:25,483 | INFO | Epoch 75: 4.6s to complete
    error(train)=1.13e-01, acc(train)=9.53e-01, error(valid)=1.22e+00, acc(valid)=8.19e-01
2022-10-22 20:45:31,064 | INFO | Epoch 76: 4.6s to complete
    error(train)=1.23e-01, acc(train)=9.50e-01, error(valid)=1.26e+00, acc(valid)=8.17e-01
2022-10-22 20:45:36,671 | INFO | Epoch 77: 4.7s to complete
    error(train)=1.12e-01, acc(train)=9.54e-01, error(valid)=1.26e+00, acc(valid)=8.19e-01
2022-10-22 20:45:42,207 | INFO | Epoch 78: 4.6s to complete
    error(train)=1.18e-01, acc(train)=9.51e-01, error(valid)=1.28e+00, acc(valid)=8.19e-01
2022-10-22 20:45:47,926 | INFO | Epoch 79: 4.7s to complete
    error(train)=1.08e-01, acc(train)=9.56e-01, error(valid)=1.27e+00, acc(valid)=8.18e-01
2022-10-22 20:45:53,451 | INFO | Epoch 80: 4.6s to complete
    error(train)=1.20e-01, acc(train)=9.51e-01, error(valid)=1.28e+00, acc(valid)=8.18e-01
2022-10-22 20:45:58,966 | INFO | Epoch 81: 4.5s to complete
    error(train)=1.03e-01, acc(train)=9.58e-01, error(valid)=1.30e+00, acc(valid)=8.18e-01
2022-10-22 20:46:04,447 | INFO | Epoch 82: 4.5s to complete
    error(train)=1.21e-01, acc(train)=9.52e-01, error(valid)=1.35e+00, acc(valid)=8.18e-01
2022-10-22 20:46:10,159 | INFO | Epoch 83: 4.7s to complete
    error(train)=1.16e-01, acc(train)=9.52e-01, error(valid)=1.36e+00, acc(valid)=8.16e-01
2022-10-22 20:46:15,701 | INFO | Epoch 84: 4.5s to complete
    error(train)=1.04e-01, acc(train)=9.57e-01, error(valid)=1.35e+00, acc(valid)=8.21e-01
2022-10-22 20:46:21,210 | INFO | Epoch 85: 4.5s to complete
    error(train)=1.10e-01, acc(train)=9.55e-01, error(valid)=1.38e+00, acc(valid)=8.15e-01
2022-10-22 20:46:26,806 | INFO | Epoch 86: 4.6s to complete
    error(train)=1.15e-01, acc(train)=9.54e-01, error(valid)=1.38e+00, acc(valid)=8.18e-01
2022-10-22 20:46:32,385 | INFO | Epoch 87: 4.5s to complete
    error(train)=1.02e-01, acc(train)=9.58e-01, error(valid)=1.38e+00, acc(valid)=8.19e-01
2022-10-22 20:46:37,894 | INFO | Epoch 88: 4.6s to complete
    error(train)=1.08e-01, acc(train)=9.56e-01, error(valid)=1.43e+00, acc(valid)=8.19e-01
2022-10-22 20:46:43,407 | INFO | Epoch 89: 4.5s to complete
    error(train)=1.10e-01, acc(train)=9.56e-01, error(valid)=1.41e+00, acc(valid)=8.16e-01
2022-10-22 20:46:48,975 | INFO | Epoch 90: 4.6s to complete
    error(train)=9.99e-02, acc(train)=9.59e-01, error(valid)=1.42e+00, acc(valid)=8.18e-01
2022-10-22 20:46:54,464 | INFO | Epoch 91: 4.6s to complete
    error(train)=9.87e-02, acc(train)=9.60e-01, error(valid)=1.43e+00, acc(valid)=8.17e-01
2022-10-22 20:47:00,048 | INFO | Epoch 92: 4.7s to complete
    error(train)=1.06e-01, acc(train)=9.57e-01, error(valid)=1.44e+00, acc(valid)=8.13e-01
2022-10-22 20:47:05,640 | INFO | Epoch 93: 4.7s to complete
    error(train)=1.08e-01, acc(train)=9.56e-01, error(valid)=1.49e+00, acc(valid)=8.17e-01
2022-10-22 20:47:11,274 | INFO | Epoch 94: 4.7s to complete
    error(train)=9.91e-02, acc(train)=9.60e-01, error(valid)=1.49e+00, acc(valid)=8.15e-01
2022-10-22 20:47:16,884 | INFO | Epoch 95: 4.6s to complete
    error(train)=9.38e-02, acc(train)=9.62e-01, error(valid)=1.49e+00, acc(valid)=8.19e-01
2022-10-22 20:47:22,476 | INFO | Epoch 96: 4.6s to complete
    error(train)=1.06e-01, acc(train)=9.57e-01, error(valid)=1.50e+00, acc(valid)=8.16e-01
2022-10-22 20:47:28,101 | INFO | Epoch 97: 4.6s to complete
    error(train)=9.82e-02, acc(train)=9.60e-01, error(valid)=1.51e+00, acc(valid)=8.17e-01
2022-10-22 20:47:33,702 | INFO | Epoch 98: 4.6s to complete
    error(train)=8.95e-02, acc(train)=9.63e-01, error(valid)=1.49e+00, acc(valid)=8.21e-01
2022-10-22 20:47:39,336 | INFO | Epoch 99: 4.7s to complete
    error(train)=9.86e-02, acc(train)=9.60e-01, error(valid)=1.53e+00, acc(valid)=8.16e-01
2022-10-22 20:47:44,979 | INFO | Epoch 100: 4.7s to complete
    error(train)=1.05e-01, acc(train)=9.58e-01, error(valid)=1.55e+00, acc(valid)=8.21e-01
2022-10-22 20:47:51,505 | INFO | Epoch 1: 4.0s to complete
    error(train)=6.96e-01, acc(train)=7.79e-01, error(valid)=7.22e-01, acc(valid)=7.72e-01
2022-10-22 20:47:56,435 | INFO | Epoch 2: 3.8s to complete
    error(train)=5.54e-01, acc(train)=8.18e-01, error(valid)=5.97e-01, acc(valid)=8.07e-01
2022-10-22 20:48:01,320 | INFO | Epoch 3: 3.7s to complete
    error(train)=4.71e-01, acc(train)=8.41e-01, error(valid)=5.33e-01, acc(valid)=8.26e-01
2022-10-22 20:48:06,156 | INFO | Epoch 4: 3.7s to complete
    error(train)=4.53e-01, acc(train)=8.42e-01, error(valid)=5.34e-01, acc(valid)=8.18e-01
2022-10-22 20:48:11,019 | INFO | Epoch 5: 3.8s to complete
    error(train)=4.22e-01, acc(train)=8.54e-01, error(valid)=5.16e-01, acc(valid)=8.26e-01
2022-10-22 20:48:15,960 | INFO | Epoch 6: 3.8s to complete
    error(train)=3.99e-01, acc(train)=8.61e-01, error(valid)=5.10e-01, acc(valid)=8.30e-01
2022-10-22 20:48:20,893 | INFO | Epoch 7: 3.9s to complete
    error(train)=3.65e-01, acc(train)=8.67e-01, error(valid)=4.95e-01, acc(valid)=8.36e-01
2022-10-22 20:48:25,707 | INFO | Epoch 8: 3.8s to complete
    error(train)=3.38e-01, acc(train)=8.77e-01, error(valid)=4.81e-01, acc(valid)=8.38e-01
2022-10-22 20:48:30,638 | INFO | Epoch 9: 3.8s to complete
    error(train)=3.23e-01, acc(train)=8.81e-01, error(valid)=4.93e-01, acc(valid)=8.40e-01
2022-10-22 20:48:35,646 | INFO | Epoch 10: 3.9s to complete
    error(train)=3.16e-01, acc(train)=8.82e-01, error(valid)=4.85e-01, acc(valid)=8.41e-01
2022-10-22 20:48:40,631 | INFO | Epoch 11: 3.8s to complete
    error(train)=3.01e-01, acc(train)=8.86e-01, error(valid)=4.97e-01, acc(valid)=8.40e-01
2022-10-22 20:48:45,518 | INFO | Epoch 12: 3.8s to complete
    error(train)=2.85e-01, acc(train)=8.93e-01, error(valid)=4.96e-01, acc(valid)=8.41e-01
2022-10-22 20:48:50,500 | INFO | Epoch 13: 3.9s to complete
    error(train)=2.77e-01, acc(train)=8.94e-01, error(valid)=5.00e-01, acc(valid)=8.40e-01
2022-10-22 20:48:55,413 | INFO | Epoch 14: 3.8s to complete
    error(train)=2.73e-01, acc(train)=8.96e-01, error(valid)=5.16e-01, acc(valid)=8.42e-01
2022-10-22 20:49:00,440 | INFO | Epoch 15: 3.9s to complete
    error(train)=2.60e-01, acc(train)=9.01e-01, error(valid)=5.20e-01, acc(valid)=8.39e-01
2022-10-22 20:49:05,338 | INFO | Epoch 16: 3.8s to complete
    error(train)=2.52e-01, acc(train)=9.01e-01, error(valid)=5.38e-01, acc(valid)=8.40e-01
2022-10-22 20:49:10,210 | INFO | Epoch 17: 3.8s to complete
    error(train)=2.38e-01, acc(train)=9.07e-01, error(valid)=5.26e-01, acc(valid)=8.41e-01
2022-10-22 20:49:15,144 | INFO | Epoch 18: 3.9s to complete
    error(train)=2.32e-01, acc(train)=9.10e-01, error(valid)=5.40e-01, acc(valid)=8.42e-01
2022-10-22 20:49:19,998 | INFO | Epoch 19: 3.8s to complete
    error(train)=2.37e-01, acc(train)=9.06e-01, error(valid)=5.56e-01, acc(valid)=8.34e-01
2022-10-22 20:49:24,956 | INFO | Epoch 20: 3.9s to complete
    error(train)=2.35e-01, acc(train)=9.07e-01, error(valid)=5.79e-01, acc(valid)=8.30e-01
2022-10-22 20:49:29,812 | INFO | Epoch 21: 3.8s to complete
    error(train)=2.09e-01, acc(train)=9.17e-01, error(valid)=5.71e-01, acc(valid)=8.37e-01
2022-10-22 20:49:34,672 | INFO | Epoch 22: 3.7s to complete
    error(train)=2.26e-01, acc(train)=9.10e-01, error(valid)=6.09e-01, acc(valid)=8.34e-01
2022-10-22 20:49:39,586 | INFO | Epoch 23: 3.8s to complete
    error(train)=2.07e-01, acc(train)=9.17e-01, error(valid)=5.95e-01, acc(valid)=8.35e-01
2022-10-22 20:49:44,443 | INFO | Epoch 24: 3.8s to complete
    error(train)=2.28e-01, acc(train)=9.09e-01, error(valid)=6.42e-01, acc(valid)=8.29e-01
2022-10-22 20:49:49,617 | INFO | Epoch 25: 4.0s to complete
    error(train)=2.01e-01, acc(train)=9.18e-01, error(valid)=6.22e-01, acc(valid)=8.33e-01
2022-10-22 20:49:54,534 | INFO | Epoch 26: 3.8s to complete
    error(train)=1.93e-01, acc(train)=9.21e-01, error(valid)=6.45e-01, acc(valid)=8.36e-01
2022-10-22 20:49:59,437 | INFO | Epoch 27: 3.8s to complete
    error(train)=1.90e-01, acc(train)=9.23e-01, error(valid)=6.56e-01, acc(valid)=8.31e-01
2022-10-22 20:50:04,380 | INFO | Epoch 28: 3.8s to complete
    error(train)=1.89e-01, acc(train)=9.24e-01, error(valid)=6.75e-01, acc(valid)=8.33e-01
2022-10-22 20:50:09,442 | INFO | Epoch 29: 4.0s to complete
    error(train)=1.93e-01, acc(train)=9.20e-01, error(valid)=6.93e-01, acc(valid)=8.27e-01
2022-10-22 20:50:14,267 | INFO | Epoch 30: 3.8s to complete
    error(train)=1.84e-01, acc(train)=9.25e-01, error(valid)=6.96e-01, acc(valid)=8.31e-01
2022-10-22 20:50:19,206 | INFO | Epoch 31: 3.8s to complete
    error(train)=1.77e-01, acc(train)=9.27e-01, error(valid)=7.16e-01, acc(valid)=8.32e-01
2022-10-22 20:50:24,086 | INFO | Epoch 32: 3.8s to complete
    error(train)=1.78e-01, acc(train)=9.27e-01, error(valid)=7.50e-01, acc(valid)=8.29e-01
2022-10-22 20:50:28,935 | INFO | Epoch 33: 3.8s to complete
    error(train)=1.68e-01, acc(train)=9.32e-01, error(valid)=7.34e-01, acc(valid)=8.33e-01
2022-10-22 20:50:33,847 | INFO | Epoch 34: 3.8s to complete
    error(train)=1.66e-01, acc(train)=9.31e-01, error(valid)=7.60e-01, acc(valid)=8.29e-01
2022-10-22 20:50:38,784 | INFO | Epoch 35: 3.9s to complete
    error(train)=1.73e-01, acc(train)=9.30e-01, error(valid)=7.71e-01, acc(valid)=8.27e-01
2022-10-22 20:50:43,733 | INFO | Epoch 36: 3.8s to complete
    error(train)=1.67e-01, acc(train)=9.30e-01, error(valid)=7.83e-01, acc(valid)=8.27e-01
2022-10-22 20:50:48,632 | INFO | Epoch 37: 3.8s to complete
    error(train)=1.60e-01, acc(train)=9.34e-01, error(valid)=7.86e-01, acc(valid)=8.31e-01
2022-10-22 20:50:53,544 | INFO | Epoch 38: 3.9s to complete
    error(train)=1.65e-01, acc(train)=9.32e-01, error(valid)=8.46e-01, acc(valid)=8.29e-01
2022-10-22 20:50:58,434 | INFO | Epoch 39: 3.7s to complete
    error(train)=1.55e-01, acc(train)=9.37e-01, error(valid)=8.22e-01, acc(valid)=8.29e-01
2022-10-22 20:51:03,476 | INFO | Epoch 40: 3.9s to complete
    error(train)=1.56e-01, acc(train)=9.35e-01, error(valid)=8.50e-01, acc(valid)=8.29e-01
2022-10-22 20:51:08,362 | INFO | Epoch 41: 3.8s to complete
    error(train)=1.57e-01, acc(train)=9.36e-01, error(valid)=8.69e-01, acc(valid)=8.30e-01
2022-10-22 20:51:13,214 | INFO | Epoch 42: 3.8s to complete
    error(train)=1.59e-01, acc(train)=9.35e-01, error(valid)=8.85e-01, acc(valid)=8.28e-01
2022-10-22 20:51:18,030 | INFO | Epoch 43: 3.8s to complete
    error(train)=1.70e-01, acc(train)=9.31e-01, error(valid)=9.31e-01, acc(valid)=8.27e-01
2022-10-22 20:51:22,856 | INFO | Epoch 44: 3.8s to complete
    error(train)=1.43e-01, acc(train)=9.41e-01, error(valid)=9.11e-01, acc(valid)=8.26e-01
2022-10-22 20:51:27,671 | INFO | Epoch 45: 3.7s to complete
    error(train)=1.52e-01, acc(train)=9.38e-01, error(valid)=9.27e-01, acc(valid)=8.29e-01
2022-10-22 20:51:32,540 | INFO | Epoch 46: 3.8s to complete
    error(train)=1.50e-01, acc(train)=9.40e-01, error(valid)=9.56e-01, acc(valid)=8.26e-01
2022-10-22 20:51:37,386 | INFO | Epoch 47: 3.8s to complete
    error(train)=1.50e-01, acc(train)=9.39e-01, error(valid)=9.65e-01, acc(valid)=8.23e-01
2022-10-22 20:51:42,233 | INFO | Epoch 48: 3.8s to complete
    error(train)=1.42e-01, acc(train)=9.42e-01, error(valid)=9.78e-01, acc(valid)=8.26e-01
2022-10-22 20:51:47,177 | INFO | Epoch 49: 3.8s to complete
    error(train)=1.40e-01, acc(train)=9.43e-01, error(valid)=9.86e-01, acc(valid)=8.27e-01
2022-10-22 20:51:52,188 | INFO | Epoch 50: 3.8s to complete
    error(train)=1.57e-01, acc(train)=9.37e-01, error(valid)=1.02e+00, acc(valid)=8.25e-01
2022-10-22 20:51:57,093 | INFO | Epoch 51: 3.8s to complete
    error(train)=1.46e-01, acc(train)=9.40e-01, error(valid)=1.04e+00, acc(valid)=8.19e-01
2022-10-22 20:52:02,116 | INFO | Epoch 52: 3.8s to complete
    error(train)=1.43e-01, acc(train)=9.42e-01, error(valid)=1.06e+00, acc(valid)=8.23e-01
2022-10-22 20:52:07,058 | INFO | Epoch 53: 3.8s to complete
    error(train)=1.37e-01, acc(train)=9.44e-01, error(valid)=1.04e+00, acc(valid)=8.24e-01
2022-10-22 20:52:11,939 | INFO | Epoch 54: 3.8s to complete
    error(train)=1.30e-01, acc(train)=9.47e-01, error(valid)=1.04e+00, acc(valid)=8.28e-01
2022-10-22 20:52:16,892 | INFO | Epoch 55: 3.7s to complete
    error(train)=1.29e-01, acc(train)=9.48e-01, error(valid)=1.04e+00, acc(valid)=8.25e-01
2022-10-22 20:52:21,764 | INFO | Epoch 56: 3.8s to complete
    error(train)=1.34e-01, acc(train)=9.46e-01, error(valid)=1.11e+00, acc(valid)=8.21e-01
2022-10-22 20:52:26,613 | INFO | Epoch 57: 3.8s to complete
    error(train)=1.37e-01, acc(train)=9.45e-01, error(valid)=1.10e+00, acc(valid)=8.24e-01
2022-10-22 20:52:31,476 | INFO | Epoch 58: 3.8s to complete
    error(train)=1.31e-01, acc(train)=9.47e-01, error(valid)=1.10e+00, acc(valid)=8.20e-01
2022-10-22 20:52:36,424 | INFO | Epoch 59: 3.8s to complete
    error(train)=1.41e-01, acc(train)=9.43e-01, error(valid)=1.15e+00, acc(valid)=8.22e-01
2022-10-22 20:52:41,348 | INFO | Epoch 60: 3.8s to complete
    error(train)=1.25e-01, acc(train)=9.50e-01, error(valid)=1.13e+00, acc(valid)=8.28e-01
2022-10-22 20:52:46,281 | INFO | Epoch 61: 3.8s to complete
    error(train)=1.35e-01, acc(train)=9.45e-01, error(valid)=1.14e+00, acc(valid)=8.23e-01
2022-10-22 20:52:51,164 | INFO | Epoch 62: 3.8s to complete
    error(train)=1.38e-01, acc(train)=9.46e-01, error(valid)=1.18e+00, acc(valid)=8.24e-01
2022-10-22 20:52:56,009 | INFO | Epoch 63: 3.8s to complete
    error(train)=1.22e-01, acc(train)=9.51e-01, error(valid)=1.15e+00, acc(valid)=8.25e-01
2022-10-22 20:53:00,848 | INFO | Epoch 64: 3.7s to complete
    error(train)=1.32e-01, acc(train)=9.47e-01, error(valid)=1.18e+00, acc(valid)=8.24e-01
2022-10-22 20:53:05,642 | INFO | Epoch 65: 3.7s to complete
    error(train)=1.13e-01, acc(train)=9.54e-01, error(valid)=1.18e+00, acc(valid)=8.26e-01
2022-10-22 20:53:10,505 | INFO | Epoch 66: 3.8s to complete
    error(train)=1.37e-01, acc(train)=9.46e-01, error(valid)=1.21e+00, acc(valid)=8.25e-01
2022-10-22 20:53:15,381 | INFO | Epoch 67: 3.8s to complete
    error(train)=1.24e-01, acc(train)=9.50e-01, error(valid)=1.23e+00, acc(valid)=8.25e-01
2022-10-22 20:53:20,268 | INFO | Epoch 68: 3.8s to complete
    error(train)=1.27e-01, acc(train)=9.49e-01, error(valid)=1.22e+00, acc(valid)=8.24e-01
2022-10-22 20:53:25,151 | INFO | Epoch 69: 3.8s to complete
    error(train)=1.33e-01, acc(train)=9.48e-01, error(valid)=1.28e+00, acc(valid)=8.19e-01
2022-10-22 20:53:30,027 | INFO | Epoch 70: 3.8s to complete
    error(train)=1.30e-01, acc(train)=9.48e-01, error(valid)=1.29e+00, acc(valid)=8.20e-01
2022-10-22 20:53:34,916 | INFO | Epoch 71: 3.8s to complete
    error(train)=1.26e-01, acc(train)=9.49e-01, error(valid)=1.28e+00, acc(valid)=8.21e-01
2022-10-22 20:53:39,816 | INFO | Epoch 72: 3.8s to complete
    error(train)=1.05e-01, acc(train)=9.58e-01, error(valid)=1.30e+00, acc(valid)=8.30e-01
2022-10-22 20:53:44,721 | INFO | Epoch 73: 3.8s to complete
    error(train)=1.26e-01, acc(train)=9.50e-01, error(valid)=1.30e+00, acc(valid)=8.20e-01
2022-10-22 20:53:49,692 | INFO | Epoch 74: 3.8s to complete
    error(train)=1.28e-01, acc(train)=9.51e-01, error(valid)=1.39e+00, acc(valid)=8.19e-01
2022-10-22 20:53:54,645 | INFO | Epoch 75: 3.8s to complete
    error(train)=1.21e-01, acc(train)=9.53e-01, error(valid)=1.39e+00, acc(valid)=8.20e-01
2022-10-22 20:53:59,537 | INFO | Epoch 76: 3.8s to complete
    error(train)=1.20e-01, acc(train)=9.53e-01, error(valid)=1.37e+00, acc(valid)=8.19e-01
2022-10-22 20:54:04,548 | INFO | Epoch 77: 3.9s to complete
    error(train)=1.29e-01, acc(train)=9.49e-01, error(valid)=1.41e+00, acc(valid)=8.17e-01
2022-10-22 20:54:09,724 | INFO | Epoch 78: 4.1s to complete
    error(train)=1.22e-01, acc(train)=9.52e-01, error(valid)=1.42e+00, acc(valid)=8.23e-01
2022-10-22 20:54:14,708 | INFO | Epoch 79: 3.9s to complete
    error(train)=1.07e-01, acc(train)=9.57e-01, error(valid)=1.40e+00, acc(valid)=8.22e-01
2022-10-22 20:54:19,567 | INFO | Epoch 80: 3.8s to complete
    error(train)=1.21e-01, acc(train)=9.53e-01, error(valid)=1.39e+00, acc(valid)=8.19e-01
2022-10-22 20:54:24,656 | INFO | Epoch 81: 3.8s to complete
    error(train)=1.09e-01, acc(train)=9.57e-01, error(valid)=1.42e+00, acc(valid)=8.22e-01
2022-10-22 20:54:29,589 | INFO | Epoch 82: 3.9s to complete
    error(train)=1.22e-01, acc(train)=9.54e-01, error(valid)=1.51e+00, acc(valid)=8.18e-01
2022-10-22 20:54:34,584 | INFO | Epoch 83: 3.8s to complete
    error(train)=1.10e-01, acc(train)=9.55e-01, error(valid)=1.42e+00, acc(valid)=8.23e-01
2022-10-22 20:54:39,562 | INFO | Epoch 84: 3.8s to complete
    error(train)=1.33e-01, acc(train)=9.48e-01, error(valid)=1.51e+00, acc(valid)=8.16e-01
2022-10-22 20:54:44,508 | INFO | Epoch 85: 3.8s to complete
    error(train)=1.23e-01, acc(train)=9.52e-01, error(valid)=1.46e+00, acc(valid)=8.19e-01
2022-10-22 20:54:49,426 | INFO | Epoch 86: 3.8s to complete
    error(train)=1.20e-01, acc(train)=9.55e-01, error(valid)=1.55e+00, acc(valid)=8.21e-01
2022-10-22 20:54:54,380 | INFO | Epoch 87: 3.8s to complete
    error(train)=1.05e-01, acc(train)=9.60e-01, error(valid)=1.55e+00, acc(valid)=8.22e-01
2022-10-22 20:54:59,239 | INFO | Epoch 88: 3.8s to complete
    error(train)=1.08e-01, acc(train)=9.58e-01, error(valid)=1.55e+00, acc(valid)=8.22e-01
2022-10-22 20:55:04,167 | INFO | Epoch 89: 3.8s to complete
    error(train)=1.17e-01, acc(train)=9.57e-01, error(valid)=1.58e+00, acc(valid)=8.21e-01
2022-10-22 20:55:09,017 | INFO | Epoch 90: 3.8s to complete
    error(train)=1.14e-01, acc(train)=9.57e-01, error(valid)=1.59e+00, acc(valid)=8.21e-01
2022-10-22 20:55:13,843 | INFO | Epoch 91: 3.7s to complete
    error(train)=1.07e-01, acc(train)=9.59e-01, error(valid)=1.54e+00, acc(valid)=8.23e-01
2022-10-22 20:55:18,802 | INFO | Epoch 92: 3.9s to complete
    error(train)=1.17e-01, acc(train)=9.55e-01, error(valid)=1.55e+00, acc(valid)=8.20e-01
2022-10-22 20:55:23,671 | INFO | Epoch 93: 3.8s to complete
    error(train)=1.01e-01, acc(train)=9.60e-01, error(valid)=1.59e+00, acc(valid)=8.23e-01
2022-10-22 20:55:28,587 | INFO | Epoch 94: 3.8s to complete
    error(train)=1.43e-01, acc(train)=9.47e-01, error(valid)=1.61e+00, acc(valid)=8.12e-01
2022-10-22 20:55:33,432 | INFO | Epoch 95: 3.7s to complete
    error(train)=1.12e-01, acc(train)=9.57e-01, error(valid)=1.61e+00, acc(valid)=8.19e-01
2022-10-22 20:55:38,313 | INFO | Epoch 96: 3.8s to complete
    error(train)=1.01e-01, acc(train)=9.59e-01, error(valid)=1.59e+00, acc(valid)=8.23e-01
2022-10-22 20:55:43,195 | INFO | Epoch 97: 3.8s to complete
    error(train)=1.15e-01, acc(train)=9.57e-01, error(valid)=1.65e+00, acc(valid)=8.17e-01
2022-10-22 20:55:48,029 | INFO | Epoch 98: 3.7s to complete
    error(train)=1.10e-01, acc(train)=9.58e-01, error(valid)=1.63e+00, acc(valid)=8.22e-01
2022-10-22 20:55:52,969 | INFO | Epoch 99: 3.8s to complete
    error(train)=9.04e-02, acc(train)=9.65e-01, error(valid)=1.66e+00, acc(valid)=8.23e-01
2022-10-22 20:55:57,897 | INFO | Epoch 100: 3.8s to complete
    error(train)=1.14e-01, acc(train)=9.57e-01, error(valid)=1.71e+00, acc(valid)=8.19e-01
2022-10-22 20:55:57,953 | INFO | ----------Model with 1 Layers -------------
2022-10-22 20:55:57,954 | INFO | error(train) = 0.16037037802053616
2022-10-22 20:55:57,954 | INFO | acc(train) = 0.9378500000000047
2022-10-22 20:55:57,955 | INFO | error(valid) = 0.9607462309792849
2022-10-22 20:55:57,955 | INFO | acc(valid) = 0.8039873417721518
2022-10-22 20:55:57,955 | INFO | ----------Model with 2 Layers -------------
2022-10-22 20:55:57,956 | INFO | error(train) = 0.10516239318786277
2022-10-22 20:55:57,956 | INFO | acc(train) = 0.9584300000000108
2022-10-22 20:55:57,956 | INFO | error(valid) = 1.5471836869256477
2022-10-22 20:55:57,957 | INFO | acc(valid) = 0.8209493670886077
2022-10-22 20:55:57,957 | INFO | ----------Model with 3 Layers -------------
2022-10-22 20:55:57,957 | INFO | error(train) = 0.11431720922792729
2022-10-22 20:55:57,958 | INFO | acc(train) = 0.9573000000000111
2022-10-22 20:55:57,958 | INFO | error(valid) = 1.7129977746585006
2022-10-22 20:55:57,959 | INFO | acc(valid) = 0.8185443037974679
